  main.cpp
main.cpp(14): warning C4244: 'argument': conversion from 'time_t' to 'unsigned int', possible loss of data
  UserMenu.cpp
UserMenu.cpp(29): warning C4018: '<': signed/unsigned mismatch
UserMenu.cpp(31): warning C4018: '<': signed/unsigned mismatch
UserMenu.cpp(189): warning C4018: '<': signed/unsigned mismatch
UserMenu.cpp(191): warning C4018: '<': signed/unsigned mismatch
UserMenu.cpp(180): warning C4101: 'element': unreferenced local variable
  MyMatrix.cpp
MyMatrix.cpp(164): warning C4018: '<': signed/unsigned mismatch
MyMatrix.cpp(166): warning C4018: '<': signed/unsigned mismatch
MyMatrix.cpp(169): warning C4018: '<': signed/unsigned mismatch
MyMatrix.cpp(222): warning C4018: '<': signed/unsigned mismatch
MyMatrix.cpp(226): warning C4018: '<': signed/unsigned mismatch
MyMatrix.cpp(239): warning C4018: '>=': signed/unsigned mismatch
MyMatrix.cpp(248): warning C4018: '>=': signed/unsigned mismatch
C:\Program Files (x86)\Microsoft Visual Studio\2017\Community\VC\Tools\MSVC\14.10.25017\include\xutility(2436): warning C4996: 'std::copy_n::_Unchecked_iterators::_Deprecate': Call to 'std::copy_n' with parameters that may be unsafe - this call relies on the caller to check that the passed values are correct. To disable this warning, use -D_SCL_SECURE_NO_WARNINGS. See documentation on how to use Visual C++ 'Checked Iterators'
  C:\Program Files (x86)\Microsoft Visual Studio\2017\Community\VC\Tools\MSVC\14.10.25017\include\xutility(2436): note: see declaration of 'std::copy_n::_Unchecked_iterators::_Deprecate'
  MyMatrix.cpp(33): note: see reference to function template instantiation '_OutIt *std::copy_n<double*,unsigned int,double*>(_InIt,_Diff,_OutIt)' being compiled
          with
          [
              _OutIt=double *,
              _InIt=double *,
              _Diff=unsigned int
          ]
  Generating Code...
c:\users\yagel\documents\github\oppmatrix\mymatrix.cpp(114): warning C4717: 'MyMatrix::operator-': recursive on all control paths, function will cause runtime stack overflow
  oopMatrix.vcxproj -> C:\Users\Yagel\Documents\GitHub\oppMatrix\Debug\oopMatrix.exe
  oopMatrix.vcxproj -> C:\Users\Yagel\Documents\GitHub\oppMatrix\Debug\oopMatrix.pdb (Partial PDB)
